<?xml version="1.0" encoding="UTF-8"?>
<!-- Generated by org.testng.reporters.JUnitReportReporter -->
<testsuite hostname="C107" failures="0" tests="3" name="day1.FirstTest" time="8.817" errors="0" timestamp="2023-03-27T09:14:23 ICT" skipped="1">
  <testcase classname="day1.FirstTest" name="edgeBrowserTest" time="4.744"/>
  <system-out/>
  <testcase classname="day1.FirstTest" name="firefoxBrowserTest" time="4.073"/>
  <system-out/>
  <testcase classname="day1.FirstTest" name="chromeBrowserTest">
    <skipped/>
  </testcase> <!-- chromeBrowserTest -->
  <system-out/>
</testsuite> <!-- day1.FirstTest -->
