<?xml version="1.0" encoding="UTF-8"?>
<!-- Generated by org.testng.reporters.JUnitReportReporter -->
<testsuite hostname="C107" failures="0" tests="3" name="day14.GithubActionsTest" time="11.171" errors="0" timestamp="2023-03-27T15:41:34 ICT" skipped="0">
  <testcase classname="day14.GithubActionsTest" name="firefoxBrowserTest" time="3.669"/>
  <system-out/>
  <testcase classname="day14.GithubActionsTest" name="chromeBrowserTest" time="3.877"/>
  <system-out/>
  <testcase classname="day14.GithubActionsTest" name="edgeBrowserTest" time="3.625"/>
  <system-out/>
</testsuite> <!-- day14.GithubActionsTest -->
