<?xml version="1.0" encoding="UTF-8"?>
<!-- Generated by org.testng.reporters.JUnitReportReporter -->
<testsuite hostname="C107" failures="0" tests="3" name="day14.GithubActionsTest" time="26.464" errors="0" timestamp="2023-03-27T15:24:51 ICT" skipped="0">
  <testcase classname="day14.GithubActionsTest" name="chromeBrowserTest" time="7.084"/>
  <system-out/>
  <testcase classname="day14.GithubActionsTest" name="edgeBrowserTest" time="7.157"/>
  <system-out/>
  <testcase classname="day14.GithubActionsTest" name="firefoxBrowserTest" time="12.223"/>
  <system-out/>
</testsuite> <!-- day14.GithubActionsTest -->
