<?xml version="1.0" encoding="UTF-8"?>
<!-- Generated by org.testng.reporters.JUnitReportReporter -->
<testsuite hostname="C107" failures="0" tests="3" name="day14.GithubActionsTest" time="10.820" errors="0" timestamp="2023-03-27T16:06:57 ICT" skipped="0">
  <testcase classname="day14.GithubActionsTest" name="firefoxBrowserTest" time="3.584"/>
  <system-out/>
  <testcase classname="day14.GithubActionsTest" name="chromeBrowserTest" time="4.151"/>
  <system-out/>
  <testcase classname="day14.GithubActionsTest" name="edgeBrowserTest" time="3.085"/>
  <system-out/>
</testsuite> <!-- day14.GithubActionsTest -->
