<?xml version="1.0" encoding="UTF-8"?>
<!-- Generated by org.testng.reporters.JUnitReportReporter -->
<testsuite hostname="C107" failures="0" tests="3" name="day1.FirstTest" time="14.618" errors="0" timestamp="2023-03-27T11:38:56 ICT" skipped="0">
  <testcase classname="day1.FirstTest" name="chromeBrowserTest" time="7.168"/>
  <system-out/>
  <testcase classname="day1.FirstTest" name="firefoxBrowserTest" time="3.962"/>
  <system-out/>
  <testcase classname="day1.FirstTest" name="edgeBrowserTest" time="3.488"/>
  <system-out/>
</testsuite> <!-- day1.FirstTest -->
